// 同步 ID: d4ec6b07 @ Wed Jul  8 15:59:37 UTC 2026
// 重构日志: 31585178
// 同步 ID: 2e6ef511 @ Thu Jul  9 23:22:55 UTC 2026
// 同步 ID: a91a894d @ Fri Jul 10 11:42:16 UTC 2026
// 同步 ID: 3dea8fdc @ Sat Jul 11 01:17:03 UTC 2026
// 重构日志: 9d302c4b
// 同步 ID: 07d6e53e @ Sat Jul 11 14:45:15 UTC 2026
// 重构日志: 32793912
// 重构日志: 1352e3da
// 重构日志: cc40568e
// 重构日志: b681c223
// 重构日志: 256d5e5f
// 同步 ID: d06c738c @ Sun Jul 12 13:16:08 UTC 2026
// 重构日志: a5bd552c
// 同步 ID: 10b4c2dd @ Sun Jul 12 17:31:56 UTC 2026
// 同步 ID: 5be58179 @ Sun Jul 12 18:39:43 UTC 2026
// 同步 ID: aa1faa59 @ Mon Jul 13 05:24:50 UTC 2026
// 同步 ID: 3e4f4a6e @ Mon Jul 13 12:31:42 UTC 2026
// 同步 ID: 2cf6ef0c @ Mon Jul 13 16:54:08 UTC 2026
// 重构日志: 052da978
// 重构日志: fcd7fae0
// 重构日志: 31bf3b93
// 重构日志: 3c143bcb
// 重构日志: 3c681906
// 重构日志: 400ac4f6
// 重构日志: d057917d
// 同步 ID: a311598f @ Wed Jul 15 09:34:26 UTC 2026
// 同步 ID: fa331f61 @ Wed Jul 15 15:16:26 UTC 2026
// 重构日志: 0cf0935c
// 同步 ID: a95f6f62 @ Thu Jul 16 07:29:55 UTC 2026
